Build started 11/5/2014 6:22:52 PM.
     1>Project "C:\openbr\app\Improving-User-Recognition-for-an-Augmented-Reality-Magic-Mirror\Kinect\Kinect\Kinect.vcxproj" on node 2 (build target(s)).
     1>InitializeBuildStatus:
         Creating "Release\Kinect.unsuccessfulbuild" because "AlwaysCreate" was specified.
       ClCompile:
         c:\Program Files (x86)\Microsoft Visual Studio 10.0\VC\bin\CL.exe /c /I"C:\Program Files (x86)\PrimeSense\NiTE2\Include\\" /I"C:\Program Files (x86)\OpenNI2\Include\\" /I. /IC:\Qt\Qt5.1.0\5.1.0\msvc2010\include /I.\GeneratedFiles\Release /IC:\Qt\Qt5.1.0\5.1.0\msvc2010\include\QtCore /nologo /W1 /WX- /O2 /Oy- /D UNICODE /D WIN32 /D WIN64 /D QT_DLL /D QT_NO_DEBUG /D NDEBUG /D QT_CORE_LIB /Gm- /EHsc /MD /GS /fp:precise /Zc:wchar_t- /Zc:forScope /Fo"Release\\" /Fd"Release\vc100.pdb" /Gd /TP /analyze- /errorReport:prompt Volume.cpp
         Volume.cpp
       Link:
         c:\Program Files (x86)\Microsoft Visual Studio 10.0\VC\bin\link.exe /ERRORREPORT:PROMPT /OUT:"C:\openbr\app\Improving-User-Recognition-for-an-Augmented-Reality-Magic-Mirror\Kinect\Win32\Release\\Kinect.exe" /NOLOGO /LIBPATH:"C:\Program Files (x86)\PrimeSense\NiTE2\Lib\\" /LIBPATH:"C:\Program Files (x86)\OpenNI2\Lib\\" /LIBPATH:C:\Qt\Qt5.1.0\5.1.0\msvc2010\lib NiTE2.lib OpenNI2.lib LibReconstructMeSDK.lib opencv_objdetect249.lib opencv_ts249.lib opencv_video249.lib opencv_nonfree249.lib opencv_ocl249.lib opencv_photo249.lib opencv_stitching249.lib opencv_superres249.lib opencv_videostab249.lib opencv_calib3d249.lib opencv_contrib249.lib opencv_core249.lib opencv_features2d249.lib opencv_flann249.lib opencv_gpu249.lib opencv_highgui249.lib opencv_imgproc249.lib opencv_legacy249.lib opencv_ml249.lib openbr.lib qtmain.lib Qt5Core.lib kernel32.lib user32.lib gdi32.lib winspool.lib comdlg32.lib advapi32.lib shell32.lib ole32.lib oleaut32.lib uuid.lib odbc32.lib odbccp32.lib /MANIFEST /ManifestFile:"Release\Kinect.exe.intermediate.manifest" /MANIFESTUAC:"level='asInvoker' uiAccess='false'" /PDB:"C:\openbr\app\Improving-User-Recognition-for-an-Augmented-Reality-Magic-Mirror\Kinect\Win32\Release\Kinect.pdb" /SUBSYSTEM:CONSOLE /TLBID:1 /DYNAMICBASE /NXCOMPAT /IMPLIB:"C:\openbr\app\Improving-User-Recognition-for-an-Augmented-Reality-Magic-Mirror\Kinect\Win32\Release\Kinect.lib" /MACHINE:X86 Release\test2.obj
         Release\Volume.obj
         Release\MultiThread.obj
         Release\openni.obj
         Release\OpenNIShow.obj
         Release\test.obj
         Kinect.vcxproj -> C:\openbr\app\Improving-User-Recognition-for-an-Augmented-Reality-Magic-Mirror\Kinect\Win32\Release\Kinect.exe
       Manifest:
         C:\Program Files (x86)\Microsoft SDKs\Windows\v7.0A\bin\mt.exe /nologo /verbose /outputresource:"C:\openbr\app\Improving-User-Recognition-for-an-Augmented-Reality-Magic-Mirror\Kinect\Win32\Release\\Kinect.exe;#1" /manifest Release\Kinect.exe.intermediate.manifest
       FinalizeBuildStatus:
         Deleting file "Release\Kinect.unsuccessfulbuild".
         Touching "Release\Kinect.lastbuildstate".
     1>Done Building Project "C:\openbr\app\Improving-User-Recognition-for-an-Augmented-Reality-Magic-Mirror\Kinect\Kinect\Kinect.vcxproj" (build target(s)).

Build succeeded.

Time Elapsed 00:00:01.07
